<?xml version="1.0" encoding="UTF-8"?>
<!-- Generated by org.testng.reporters.JUnitReportReporter -->
<testsuite hostname="LAPTOP-8DUO6O13" failures="0" tests="5" name="tests.SearchTest" time="30.580" errors="0" timestamp="2025-09-08T11:20:55 IST" skipped="0">
  <testcase classname="tests.SearchTest" name="testSearchProduct" time="6.695"/>
  <testcase classname="tests.SearchTest" name="testApplyFilters" time="10.816"/>
  <testcase classname="tests.SearchTest" name="testSortLowToHigh" time="2.216"/>
  <testcase classname="tests.SearchTest" name="testBlankSearch" time="2.695"/>
  <testcase classname="tests.SearchTest" name="testViewProductDetails" time="8.158"/>
</testsuite> <!-- tests.SearchTest -->
