<?xml version="1.0" encoding="UTF-8"?>
<!-- Generated by org.testng.reporters.JUnitReportReporter -->
<testsuite hostname="LAPTOP-8DUO6O13" failures="0" tests="5" name="tests.SearchTest" time="17.403" errors="0" timestamp="2025-09-15T10:50:49 IST" skipped="0">
  <testcase classname="tests.SearchTest" name="testBlankSearch" time="2.367"/>
  <testcase classname="tests.SearchTest" name="testSearchProduct" time="4.101"/>
  <testcase classname="tests.SearchTest" name="testApplyFilters" time="1.428"/>
  <testcase classname="tests.SearchTest" name="testSortLowToHigh" time="1.309"/>
  <testcase classname="tests.SearchTest" name="testViewProductDetails" time="8.198"/>
</testsuite> <!-- tests.SearchTest -->
