<?xml version="1.0" encoding="UTF-8"?>
<!-- Generated by org.testng.reporters.JUnitReportReporter -->
<testsuite hostname="LAPTOP-8DUO6O13" failures="0" tests="3" name="tests.LoginTest" time="19.489" errors="0" timestamp="2025-09-08T11:20:55 IST" skipped="0">
  <testcase classname="tests.LoginTest" name="invalidLoginTest" time="5.440"/>
  <testcase classname="tests.LoginTest" name="verifyLoginTest" time="4.790"/>
  <testcase classname="tests.LoginTest" name="validLoginTest" time="9.259"/>
</testsuite> <!-- tests.LoginTest -->
