<?xml version="1.0" encoding="UTF-8"?>
<!-- Generated by org.testng.reporters.JUnitReportReporter -->
<testsuite hostname="LAPTOP-8DUO6O13" failures="0" tests="3" name="tests.LoginTest" time="24.042" errors="0" timestamp="2025-09-15T10:50:49 IST" skipped="0">
  <testcase classname="tests.LoginTest" name="verifyLoginTest" time="3.123"/>
  <testcase classname="tests.LoginTest" name="invalidLoginTest" time="5.694"/>
  <testcase classname="tests.LoginTest" name="validLoginTest" time="15.225"/>
</testsuite> <!-- tests.LoginTest -->
