<?xml version="1.0" encoding="UTF-8"?>
<!-- Generated by org.testng.reporters.JUnitReportReporter -->
<testsuite hostname="LAPTOP-8DUO6O13" failures="0" tests="5" name="tests.CartTest" time="17.728" errors="0" timestamp="2025-09-08T11:20:55 IST" skipped="0">
  <testcase classname="tests.CartTest" name="cartAddTest" time="6.195"/>
  <testcase classname="tests.CartTest" name="modifyQuantity" time="4.929"/>
  <testcase classname="tests.CartTest" name="deleteFromCart" time="1.227"/>
  <testcase classname="tests.CartTest" name="buyProducts" time="5.319"/>
  <testcase classname="tests.CartTest" name="placeOrder" time="0.058"/>
</testsuite> <!-- tests.CartTest -->
